<?xml version="1.0" encoding="UTF-8"?>
<!-- Generated by org.testng.reporters.JUnitXMLReporter -->
<testsuite ignored="0" hostname="LAPTOP-E42ICP36" failures="0" tests="4" name="Login" time="60.95" errors="0" timestamp="2024-02-07T13:48:01 IST">
  <testcase classname="loginTestCaseDataProvider.LoginTestCase" name="loginWithCorrectUserName" time="15.619"/>
  <testcase classname="loginTestCaseDataProvider.LoginTestCase" name="loginWithCorrectUserName" time="14.26"/>
  <testcase classname="loginTestCaseDataProvider.LoginTestCase" name="loginWithCorrectUserName" time="15.243"/>
  <testcase classname="loginTestCaseDataProvider.LoginTestCase" name="loginWithCorrectUserName" time="15.712"/>
</testsuite> <!-- Login -->
