<?xml version="1.0" encoding="UTF-8"?>
<!-- Generated by org.testng.reporters.JUnitXMLReporter -->
<testsuite ignored="0" hostname="LAPTOP-E42ICP36" failures="0" tests="4" name="LoginCases" time="65.396" errors="0" timestamp="2024-02-07T13:12:29 IST">
  <testcase classname="loginTestCase.CorrectUserName" name="loginWithCorrectUserName" time="18.352"/>
  <testcase classname="loginTestCase.CorrectPassword" name="loginWithCorrectPassword" time="16.598"/>
  <testcase classname="loginTestCase.BothIncorrect" name="loginWithBothInCorrect" time="15.646"/>
  <testcase classname="loginTestCase.BothCorrect" name="loginWithBothCorrect" time="14.701"/>
</testsuite> <!-- LoginCases -->
